{"C:\\Users\\Gege\\Projects\\WebPricer\\src\\server\\app\\config\\config.ts": {"path":"C:\\Users\\Gege\\Projects\\WebPricer\\src\\server\\app\\config\\config.ts","statementMap":{"0":{"start":{"line":1,"column":0},"end":{"line":24,"column":2}}},"fnMap":{},"branchMap":{},"s":{"0":2},"f":{},"b":{}}
,"C:\\Users\\Gege\\Projects\\WebPricer\\src\\shared\\enums\\vanilla-type.enum.ts": {"path":"C:\\Users\\Gege\\Projects\\WebPricer\\src\\shared\\enums\\vanilla-type.enum.ts","statementMap":{"0":{"start":{"line":1,"column":0},"end":{"line":1,"column":null}},"1":{"start":{"line":2,"column":4},"end":{"line":2,"column":null}},"2":{"start":{"line":3,"column":4},"end":{"line":3,"column":null}}},"fnMap":{"0":{"name":"(anonymous_0)","decl":{"start":{"line":1,"column":0},"end":{"line":1,"column":12}},"loc":{"start":{"line":1,"column":23},"end":{"line":4,"column":1}}}},"branchMap":{"0":{"loc":{"start":{"line":1,"column":12},"end":{"line":1,"column":23}},"type":"binary-expr","locations":[{"start":{"line":1,"column":12},"end":{"line":1,"column":23}},{"start":{"line":1,"column":12},"end":{"line":1,"column":null}}]}},"s":{"0":2,"1":2,"2":2},"f":{"0":2},"b":{"0":[2,2]}}
,"C:\\Users\\Gege\\Projects\\WebPricer\\src\\shared\\helpers\\arrays.ts": {"path":"C:\\Users\\Gege\\Projects\\WebPricer\\src\\shared\\helpers\\arrays.ts","statementMap":{"0":{"start":{"line":2,"column":4},"end":{"line":2,"column":48}},"1":{"start":{"line":2,"column":29},"end":{"line":2,"column":46}},"2":{"start":{"line":1,"column":0},"end":{"line":1,"column":16}},"3":{"start":{"line":6,"column":4},"end":{"line":6,"column":62}},"4":{"start":{"line":5,"column":0},"end":{"line":5,"column":16}},"5":{"start":{"line":10,"column":4},"end":{"line":10,"column":47}},"6":{"start":{"line":9,"column":0},"end":{"line":9,"column":16}}},"fnMap":{"0":{"name":"intersectArrays","decl":{"start":{"line":1,"column":16},"end":{"line":1,"column":31}},"loc":{"start":{"line":1,"column":49},"end":{"line":3,"column":1}}},"1":{"name":"(anonymous_1)","decl":{"start":{"line":2,"column":20},"end":{"line":2,"column":25}},"loc":{"start":{"line":2,"column":29},"end":{"line":2,"column":46}}},"2":{"name":"isEmptyArray","decl":{"start":{"line":5,"column":16},"end":{"line":5,"column":28}},"loc":{"start":{"line":5,"column":42},"end":{"line":7,"column":1}}},"3":{"name":"isEmptyIntersection","decl":{"start":{"line":9,"column":16},"end":{"line":9,"column":35}},"loc":{"start":{"line":9,"column":53},"end":{"line":11,"column":1}}}},"branchMap":{"0":{"loc":{"start":{"line":6,"column":11},"end":{"line":6,"column":39}},"type":"binary-expr","locations":[{"start":{"line":6,"column":11},"end":{"line":6,"column":39}},{"start":{"line":6,"column":43},"end":{"line":6,"column":61}}]}},"s":{"0":4,"1":8,"2":1,"3":4,"4":1,"5":2,"6":1},"f":{"0":4,"1":8,"2":4,"3":2},"b":{"0":[4,4]}}
,"C:\\Users\\Gege\\Projects\\WebPricer\\src\\shared\\helpers\\async.ts": {"path":"C:\\Users\\Gege\\Projects\\WebPricer\\src\\shared\\helpers\\async.ts","statementMap":{"0":{"start":{"line":2,"column":4},"end":{"line":2,"column":59}},"1":{"start":{"line":2,"column":34},"end":{"line":2,"column":57}},"2":{"start":{"line":1,"column":0},"end":{"line":1,"column":16}}},"fnMap":{"0":{"name":"sleep","decl":{"start":{"line":1,"column":16},"end":{"line":1,"column":21}},"loc":{"start":{"line":1,"column":32},"end":{"line":3,"column":1}}},"1":{"name":"(anonymous_1)","decl":{"start":{"line":2,"column":23},"end":{"line":2,"column":30}},"loc":{"start":{"line":2,"column":34},"end":{"line":2,"column":57}}}},"branchMap":{},"s":{"0":1,"1":1,"2":1},"f":{"0":1,"1":1},"b":{}}
,"C:\\Users\\Gege\\Projects\\WebPricer\\src\\shared\\helpers\\blackscholes.ts": {"path":"C:\\Users\\Gege\\Projects\\WebPricer\\src\\shared\\helpers\\blackscholes.ts","statementMap":{"0":{"start":{"line":1,"column":0},"end":{"line":1,"column":39}},"1":{"start":{"line":3,"column":0},"end":{"line":3,"column":52}},"2":{"start":{"line":5,"column":0},"end":{"line":5,"column":57}},"3":{"start":{"line":9,"column":17},"end":{"line":9,"column":35}},"4":{"start":{"line":11,"column":19},"end":{"line":11,"column":35}},"5":{"start":{"line":12,"column":27},"end":{"line":12,"column":51}},"6":{"start":{"line":13,"column":23},"end":{"line":13,"column":43}},"7":{"start":{"line":14,"column":17},"end":{"line":14,"column":31}},"8":{"start":{"line":15,"column":27},"end":{"line":15,"column":80}},"9":{"start":{"line":16,"column":20},"end":{"line":16,"column":51}},"10":{"start":{"line":18,"column":16},"end":{"line":18,"column":41}},"11":{"start":{"line":19,"column":15},"end":{"line":19,"column":31}},"12":{"start":{"line":20,"column":15},"end":{"line":20,"column":55}},"13":{"start":{"line":21,"column":15},"end":{"line":21,"column":22}},"14":{"start":{"line":22,"column":16},"end":{"line":22,"column":28}},"15":{"start":{"line":23,"column":16},"end":{"line":23,"column":28}},"16":{"start":{"line":24,"column":15},"end":{"line":24,"column":27}},"17":{"start":{"line":26,"column":4},"end":{"line":43,"column":10}},"18":{"start":{"line":7,"column":0},"end":{"line":7,"column":16}},"19":{"start":{"line":50,"column":19},"end":{"line":50,"column":36}},"20":{"start":{"line":51,"column":23},"end":{"line":51,"column":44}},"21":{"start":{"line":52,"column":4},"end":{"line":52,"column":46}},"22":{"start":{"line":54,"column":17},"end":{"line":54,"column":36}},"23":{"start":{"line":55,"column":12},"end":{"line":55,"column":16}},"24":{"start":{"line":57,"column":4},"end":{"line":60,"column":null}},"25":{"start":{"line":58,"column":8},"end":{"line":58,"column":82}},"26":{"start":{"line":59,"column":8},"end":{"line":59,"column":16}},"27":{"start":{"line":47,"column":0},"end":{"line":47,"column":15}}},"fnMap":{"0":{"name":"priceVanilla","decl":{"start":{"line":7,"column":16},"end":{"line":7,"column":28}},"loc":{"start":{"line":7,"column":59},"end":{"line":45,"column":1}}},"1":{"name":"stockDiffusion","decl":{"start":{"line":47,"column":17},"end":{"line":47,"column":31}},"loc":{"start":{"line":47,"column":83},"end":{"line":61,"column":1}}}},"branchMap":{"0":{"loc":{"start":{"line":27,"column":8},"end":{"line":35,"column":10}},"type":"cond-expr","locations":[{"start":{"line":27,"column":8},"end":{"line":35,"column":10}},{"start":{"line":35,"column":12},"end":{"line":43,"column":10}}]}},"s":{"0":1,"1":1,"2":1,"3":2,"4":2,"5":2,"6":2,"7":2,"8":2,"9":2,"10":2,"11":2,"12":2,"13":2,"14":2,"15":2,"16":2,"17":2,"18":1,"19":1,"20":1,"21":1,"22":1,"23":1,"24":1,"25":2,"26":2,"27":1},"f":{"0":2,"1":1},"b":{"0":[1,1]}}
,"C:\\Users\\Gege\\Projects\\WebPricer\\src\\shared\\helpers\\random-generators.ts": {"path":"C:\\Users\\Gege\\Projects\\WebPricer\\src\\shared\\helpers\\random-generators.ts","statementMap":{"0":{"start":{"line":1,"column":0},"end":{"line":1,"column":52}},"1":{"start":{"line":3,"column":16},"end":{"line":3,"column":34}},"2":{"start":{"line":8,"column":19},"end":{"line":8,"column":36}},"3":{"start":{"line":9,"column":23},"end":{"line":9,"column":44}},"4":{"start":{"line":10,"column":4},"end":{"line":10,"column":46}},"5":{"start":{"line":12,"column":4},"end":{"line":14,"column":null}},"6":{"start":{"line":13,"column":8},"end":{"line":13,"column":35}},"7":{"start":{"line":18,"column":19},"end":{"line":18,"column":38}},"8":{"start":{"line":19,"column":20},"end":{"line":19,"column":78}},"9":{"start":{"line":20,"column":4},"end":{"line":20,"column":27}},"10":{"start":{"line":17,"column":0},"end":{"line":17,"column":16}},"11":{"start":{"line":24,"column":14},"end":{"line":24,"column":100}},"12":{"start":{"line":25,"column":4},"end":{"line":25,"column":18}},"13":{"start":{"line":26,"column":4},"end":{"line":26,"column":20}},"14":{"start":{"line":27,"column":4},"end":{"line":27,"column":20}},"15":{"start":{"line":28,"column":4},"end":{"line":28,"column":25}},"16":{"start":{"line":29,"column":4},"end":{"line":29,"column":13}},"17":{"start":{"line":23,"column":0},"end":{"line":23,"column":16}},"18":{"start":{"line":33,"column":4},"end":{"line":33,"column":58}},"19":{"start":{"line":32,"column":0},"end":{"line":32,"column":16}},"20":{"start":{"line":37,"column":4},"end":{"line":37,"column":68}},"21":{"start":{"line":36,"column":0},"end":{"line":36,"column":16}}},"fnMap":{"0":{"name":"uniformGenerator","decl":{"start":{"line":5,"column":10},"end":{"line":5,"column":26}},"loc":{"start":{"line":5,"column":26},"end":{"line":15,"column":1}}},"1":{"name":"randomEnum","decl":{"start":{"line":17,"column":16},"end":{"line":17,"column":26}},"loc":{"start":{"line":17,"column":39},"end":{"line":21,"column":1}}},"2":{"name":"randomDate","decl":{"start":{"line":23,"column":16},"end":{"line":23,"column":26}},"loc":{"start":{"line":23,"column":49},"end":{"line":30,"column":1}}},"3":{"name":"randomNumber","decl":{"start":{"line":32,"column":16},"end":{"line":32,"column":28}},"loc":{"start":{"line":32,"column":55},"end":{"line":34,"column":1}}},"4":{"name":"randomValue","decl":{"start":{"line":36,"column":16},"end":{"line":36,"column":27}},"loc":{"start":{"line":36,"column":41},"end":{"line":38,"column":1}}}},"branchMap":{},"s":{"0":1,"1":1,"2":1,"3":1,"4":1,"5":1,"6":7,"7":4,"8":4,"9":4,"10":1,"11":1,"12":1,"13":1,"14":1,"15":1,"16":1,"17":1,"18":1,"19":1,"20":1,"21":1},"f":{"0":1,"1":4,"2":1,"3":1,"4":1},"b":{}}
}
