TN:
SF:C:\Users\Gege\Projects\WebPricer\src\server\app\config\config.ts
FNF:0
FNH:0
DA:1,2
LF:1
LH:1
BRF:0
BRH:0
end_of_record
TN:
SF:C:\Users\Gege\Projects\WebPricer\src\shared\enums\vanilla-type.enum.ts
FN:1,(anonymous_0)
FNF:1
FNH:1
FNDA:2,(anonymous_0)
DA:1,2
DA:2,2
DA:3,2
LF:3
LH:3
BRDA:1,0,0,2
BRDA:1,0,1,2
BRF:2
BRH:2
end_of_record
TN:
SF:C:\Users\Gege\Projects\WebPricer\src\shared\helpers\arrays.ts
FN:1,intersectArrays
FN:2,(anonymous_1)
FN:5,isEmptyArray
FN:9,isEmptyIntersection
FNF:4
FNH:4
FNDA:4,intersectArrays
FNDA:8,(anonymous_1)
FNDA:4,isEmptyArray
FNDA:2,isEmptyIntersection
DA:1,1
DA:2,8
DA:5,1
DA:6,4
DA:9,1
DA:10,2
LF:6
LH:6
BRDA:6,0,0,4
BRDA:6,0,1,4
BRF:2
BRH:2
end_of_record
TN:
SF:C:\Users\Gege\Projects\WebPricer\src\shared\helpers\async.ts
FN:1,sleep
FN:2,(anonymous_1)
FNF:2
FNH:2
FNDA:1,sleep
FNDA:1,(anonymous_1)
DA:1,1
DA:2,1
LF:2
LH:2
BRF:0
BRH:0
end_of_record
TN:
SF:C:\Users\Gege\Projects\WebPricer\src\shared\helpers\blackscholes.ts
FN:7,priceVanilla
FN:47,stockDiffusion
FNF:2
FNH:2
FNDA:2,priceVanilla
FNDA:1,stockDiffusion
DA:1,1
DA:3,1
DA:5,1
DA:7,1
DA:9,2
DA:11,2
DA:12,2
DA:13,2
DA:14,2
DA:15,2
DA:16,2
DA:18,2
DA:19,2
DA:20,2
DA:21,2
DA:22,2
DA:23,2
DA:24,2
DA:26,2
DA:47,1
DA:50,1
DA:51,1
DA:52,1
DA:54,1
DA:55,1
DA:57,1
DA:58,2
DA:59,2
LF:28
LH:28
BRDA:27,0,0,1
BRDA:27,0,1,1
BRF:2
BRH:2
end_of_record
TN:
SF:C:\Users\Gege\Projects\WebPricer\src\shared\helpers\random-generators.ts
FN:5,uniformGenerator
FN:17,randomEnum
FN:23,randomDate
FN:32,randomNumber
FN:36,randomValue
FNF:5
FNH:5
FNDA:1,uniformGenerator
FNDA:4,randomEnum
FNDA:1,randomDate
FNDA:1,randomNumber
FNDA:1,randomValue
DA:1,1
DA:3,1
DA:8,1
DA:9,1
DA:10,1
DA:12,1
DA:13,7
DA:17,1
DA:18,4
DA:19,4
DA:20,4
DA:23,1
DA:24,1
DA:25,1
DA:26,1
DA:27,1
DA:28,1
DA:29,1
DA:32,1
DA:33,1
DA:36,1
DA:37,1
LF:22
LH:22
BRF:0
BRH:0
end_of_record
